  2.79	  0.42	# 070250 071944
  2.50	  0.25	# 072148 072212
  0.64	  0.75	# 072604 072648
  1.77	  0.41	# 081812 083352
  2.19	 -0.91	# 084124 084716
  0.75	 -0.62	# 091100 092328
  3.12	  1.50	# 095036 095044
  3.50	  1.50	# 095244 095252
  2.39	  2.51	# 100632 101416
  1.07	 -0.29	# 102432 102828
  0.54	 -0.62	# 104140 104232
  0.91	 -1.41	# 104536 104744
 -0.42	  0.25	# 105028 105104
  3.05	  0.38	# 113004 113520
  1.55	 -0.23	# 114520 114916
  2.80	  0.28	# 115332 115436
  0.89	  0.01	# 120636 121332
  1.36	  0.25	# 133244 134448
  0.35	 -0.34	# 134448 141032
# 0.512740 19 0.024779
